#
# A fatal error has been detected by the Java Runtime Environment:
#
#  EXCEPTION_ACCESS_VIOLATION (0xc0000005) at pc=0x000000006f154b9b, pid=13840, tid=1588
#
# JRE version: Java(TM) SE Runtime Environment (7.0_80-b15) (build 1.7.0_80-b15)
# Java VM: Java HotSpot(TM) 64-Bit Server VM (24.80-b11 mixed mode windows-amd64 compressed oops)
# Problematic frame:
# V  [jvm.dll+0x144b9b]
#
# Failed to write core dump. Minidumps are not enabled by default on client versions of Windows
#
# If you would like to submit a bug report, please visit:
#   http://bugreport.java.com/bugreport/crash.jsp
#

---------------  T H R E A D  ---------------

Current thread (0x000000000b2d4800):  JavaThread "JDWP Transport Listener: dt_socket" daemon [_thread_in_vm, id=1588, stack(0x000000000c830000,0x000000000c930000)]

siginfo: ExceptionCode=0xc0000005, reading address 0x0000000000720061

Registers:
RAX=0x000000000c92f201, RBX=0x000000000b2d4800, RCX=0x0000000000720061, RDX=0x0000000000000000
RSP=0x000000000c92f1f0, RBP=0x0000000000720061, RSI=0x000000000c92f308, RDI=0x0000000003048910
R8 =0x000000000b2d4800, R9 =0x0000000000008000, R10=0x000000000b30a6f0, R11=0x000000000b31814d
R12=0x0000000000000000, R13=0x000000000b2ce5f8, R14=0x0000000000000000, R15=0x0000000000000000
RIP=0x000000006f154b9b, EFLAGS=0x0000000000010202

Top of Stack: (sp=0x000000000c92f1f0)
0x000000000c92f1f0:   000000000b2d4800 0000000000000010
0x000000000c92f200:   000000000c92f2b8 000000006f2f77d9
0x000000000c92f210:   000000000b2d4800 000000006f315382
0x000000000c92f220:   0000000000000000 000000006efb8e8d
0x000000000c92f230:   000000000b2a3dc8 000000006efc2666
0x000000000c92f240:   000000000b2d4800 0000000000000000
0x000000000c92f250:   0000000000000000 0000000000000000
0x000000000c92f260:   0000000000720061 000000006efc175d
0x000000000c92f270:   000000000c92f308 000000000c92f2e0
0x000000000c92f280:   0000000000000001 000000000b2a3dc8
0x000000000c92f290:   0000000000720061 000000006efa53b3
0x000000000c92f2a0:   000000000c92f3d0 0000000000000001
0x000000000c92f2b0:   0000000000000001 000000000b2a3dc8
0x000000000c92f2c0:   0000000000000009 0000000000000000
0x000000000c92f2d0:   0000000000000000 0000000000000000
0x000000000c92f2e0:   0000000000000001 000000006efa5571 

Instructions: (pc=0x000000006f154b9b)
0x000000006f154b7b:   48 8b 5c 24 30 48 89 47 18 48 83 c4 20 5f c3 cc
0x000000006f154b8b:   cc cc cc cc cc 40 53 48 83 ec 20 48 85 c9 74 54
0x000000006f154b9b:   48 8b 19 48 85 db 74 4c 48 b8 fe fe fe fe fe fe
0x000000006f154bab:   fe fe 48 3b d8 74 3d 80 3d 57 56 61 00 00 74 15 


Register to memory mapping:

RAX=0x000000000c92f201 is pointing into the stack for thread: 0x000000000b2d4800
RBX=0x000000000b2d4800 is a thread
RCX=0x0000000000720061 is an unknown value
RDX=0x0000000000000000 is an unknown value
RSP=0x000000000c92f1f0 is pointing into the stack for thread: 0x000000000b2d4800
RBP=0x0000000000720061 is an unknown value
RSI=0x000000000c92f308 is pointing into the stack for thread: 0x000000000b2d4800
RDI=0x0000000003048910 is an unknown value
R8 =0x000000000b2d4800 is a thread
R9 =0x0000000000008000 is an unknown value
R10=0x000000000b30a6f0 is an unknown value
R11=0x000000000b31814d is an unknown value
R12=0x0000000000000000 is an unknown value
R13=0x000000000b2ce5f8 is an unknown value
R14=0x0000000000000000 is an unknown value
R15=0x0000000000000000 is an unknown value


Stack: [0x000000000c830000,0x000000000c930000],  sp=0x000000000c92f1f0,  free space=1020k
Native frames: (J=compiled Java code, j=interpreted, Vv=VM code, C=native code)
V  [jvm.dll+0x144b9b]


---------------  P R O C E S S  ---------------

Java Threads: ( => current thread )
  0x000000000b300800 JavaThread "Service Thread" daemon [_thread_blocked, id=124, stack(0x000000000d080000,0x000000000d180000)]
  0x000000000b2ff800 JavaThread "C2 CompilerThread1" daemon [_thread_blocked, id=13780, stack(0x000000000cf80000,0x000000000d080000)]
  0x000000000b2f8000 JavaThread "C2 CompilerThread0" daemon [_thread_blocked, id=4532, stack(0x000000000ce80000,0x000000000cf80000)]
  0x000000000b2e6000 JavaThread "JDWP Command Reader" daemon [_thread_in_native, id=10980, stack(0x000000000cd80000,0x000000000ce80000)]
  0x000000000b2e2000 JavaThread "JDWP Event Helper Thread" daemon [_thread_blocked, id=15500, stack(0x000000000cc80000,0x000000000cd80000)]
=>0x000000000b2d4800 JavaThread "JDWP Transport Listener: dt_socket" daemon [_thread_in_vm, id=1588, stack(0x000000000c830000,0x000000000c930000)]
  0x000000000b2ce800 JavaThread "Attach Listener" daemon [_thread_blocked, id=14988, stack(0x000000000c730000,0x000000000c830000)]
  0x000000000b2cb800 JavaThread "Signal Dispatcher" daemon [_thread_blocked, id=14044, stack(0x000000000c630000,0x000000000c730000)]
  0x000000000b291800 JavaThread "Finalizer" daemon [_thread_blocked, id=5624, stack(0x000000000c530000,0x000000000c630000)]
  0x000000000b288800 JavaThread "Reference Handler" daemon [_thread_blocked, id=13196, stack(0x000000000c430000,0x000000000c530000)]
  0x000000000304e800 JavaThread "main" [_thread_blocked, id=10800, stack(0x0000000002d60000,0x0000000002e60000)]

Other Threads:
  0x000000000b284000 VMThread [stack: 0x000000000c330000,0x000000000c430000] [id=13440]
  0x000000000b30a000 WatcherThread [stack: 0x000000000d180000,0x000000000d280000] [id=10444]

VM state:not at safepoint (normal execution)

VM Mutex/Monitor currently owned by a thread: None

Heap
 PSYoungGen      total 37888K, used 1966K [0x00000007d6280000, 0x00000007d8c80000, 0x0000000800000000)
  eden space 32768K, 6% used [0x00000007d6280000,0x00000007d646b960,0x00000007d8280000)
  from space 5120K, 0% used [0x00000007d8780000,0x00000007d8780000,0x00000007d8c80000)
  to   space 5120K, 0% used [0x00000007d8280000,0x00000007d8280000,0x00000007d8780000)
 ParOldGen       total 85504K, used 0K [0x0000000782800000, 0x0000000787b80000, 0x00000007d6280000)
  object space 85504K, 0% used [0x0000000782800000,0x0000000782800000,0x0000000787b80000)
 PSPermGen       total 21504K, used 2584K [0x000000077d600000, 0x000000077eb00000, 0x0000000782800000)
  object space 21504K, 12% used [0x000000077d600000,0x000000077d886328,0x000000077eb00000)

Card table byte_map: [0x0000000006110000,0x0000000006530000] byte_map_base: 0x0000000002525000

Polling page: 0x0000000002e60000

Code Cache  [0x0000000003050000, 0x00000000032c0000, 0x0000000006050000)
 total_blobs=160 nmethods=0 adapters=136 free_code_cache=48775Kb largest_free_block=49945536

Compilation events (0 events):
No events

GC Heap History (0 events):
No events

Deoptimization events (0 events):
No events

Internal exceptions (4 events):
Event: 0.027 Thread 0x000000000304e800 Threw 0x00000007d628ab58 at C:\re\jdk7u80\2329\hotspot\src\share\vm\prims\jni.cpp:3991
Event: 0.181 Thread 0x000000000304e800 Threw 0x00000007d62d10b0 at C:\re\jdk7u80\2329\hotspot\src\share\vm\prims\jvm.cpp:1319
Event: 2.333 Thread 0x000000000304e800 Threw 0x00000007d62dbfe8 at C:\re\jdk7u80\2329\hotspot\src\share\vm\prims\jvm.cpp:1319
Event: 3.430 Thread 0x000000000304e800 Threw 0x00000007d62e1c38 at C:\re\jdk7u80\2329\hotspot\src\share\vm\prims\jvm.cpp:1319

Events (10 events):
Event: 270.812 Executing VM operation: GetCurrentLocation
Event: 270.812 Executing VM operation: GetCurrentLocation done
Event: 270.812 Executing VM operation: EnterInterpOnlyMode
Event: 270.812 Executing VM operation: EnterInterpOnlyMode done
Event: 270.812 Executing VM operation: ChangeSingleStep
Event: 270.812 Executing VM operation: ChangeSingleStep done
Event: 270.812 Executing VM operation: ChangeSingleStep
Event: 270.812 Executing VM operation: ChangeSingleStep done
Event: 270.818 Executing VM operation: RedefineClasses
Event: 270.818 Executing VM operation: RedefineClasses done


Dynamic libraries:
0x00007ff68e9e0000 - 0x00007ff68ea13000 	C:\Program Files\Java\jdk1.7.0_80\bin\javaw.exe
0x00007ffb58d50000 - 0x00007ffb58f2b000 	C:\WINDOWS\SYSTEM32\ntdll.dll
0x00007ffb57910000 - 0x00007ffb579be000 	C:\WINDOWS\System32\KERNEL32.DLL
0x00007ffb55270000 - 0x00007ffb554b9000 	C:\WINDOWS\System32\KERNELBASE.dll
0x00007ffb58560000 - 0x00007ffb58601000 	C:\WINDOWS\System32\ADVAPI32.dll
0x00007ffb58310000 - 0x00007ffb583ad000 	C:\WINDOWS\System32\msvcrt.dll
0x00007ffb583b0000 - 0x00007ffb58409000 	C:\WINDOWS\System32\sechost.dll
0x00007ffb57b50000 - 0x00007ffb57c75000 	C:\WINDOWS\System32\RPCRT4.dll
0x00007ffb58410000 - 0x00007ffb5855a000 	C:\WINDOWS\System32\USER32.dll
0x00007ffb56180000 - 0x00007ffb5619e000 	C:\WINDOWS\System32\win32u.dll
0x00007ffb58be0000 - 0x00007ffb58c07000 	C:\WINDOWS\System32\GDI32.dll
0x00007ffb555d0000 - 0x00007ffb55757000 	C:\WINDOWS\System32\gdi32full.dll
0x00007ffb55530000 - 0x00007ffb555ca000 	C:\WINDOWS\System32\msvcp_win.dll
0x00007ffb56030000 - 0x00007ffb56126000 	C:\WINDOWS\System32\ucrtbase.dll
0x00007ffb487c0000 - 0x00007ffb48a27000 	C:\WINDOWS\WinSxS\amd64_microsoft.windows.common-controls_6595b64144ccf1df_6.0.15063.483_none_26002d27e7c744a2\COMCTL32.dll
0x00007ffb57c80000 - 0x00007ffb57f79000 	C:\WINDOWS\System32\combase.dll
0x00007ffb554c0000 - 0x00007ffb5552a000 	C:\WINDOWS\System32\bcryptPrimitives.dll
0x00007ffb58d20000 - 0x00007ffb58d4d000 	C:\WINDOWS\System32\IMM32.DLL
0x000000006f7f0000 - 0x000000006f8c2000 	C:\Program Files\Java\jdk1.7.0_80\jre\bin\msvcr100.dll
0x000000006f010000 - 0x000000006f7e9000 	C:\Program Files\Java\jdk1.7.0_80\jre\bin\server\jvm.dll
0x00007ffb56320000 - 0x00007ffb56328000 	C:\WINDOWS\System32\PSAPI.DLL
0x00007ffb4e7a0000 - 0x00007ffb4e7a9000 	C:\WINDOWS\SYSTEM32\WSOCK32.dll
0x00007ffb57a40000 - 0x00007ffb57aac000 	C:\WINDOWS\System32\WS2_32.dll
0x00007ffb47830000 - 0x00007ffb47853000 	C:\WINDOWS\SYSTEM32\WINMM.dll
0x00007ffb46b70000 - 0x00007ffb46b9b000 	C:\WINDOWS\SYSTEM32\WINMMBASE.dll
0x00007ffb56130000 - 0x00007ffb56179000 	C:\WINDOWS\System32\cfgmgr32.dll
0x0000000070db0000 - 0x0000000070dbf000 	C:\Program Files\Java\jdk1.7.0_80\jre\bin\verify.dll
0x000000006efe0000 - 0x000000006f008000 	C:\Program Files\Java\jdk1.7.0_80\jre\bin\java.dll
0x000000006efa0000 - 0x000000006efd5000 	C:\Program Files\Java\jdk1.7.0_80\jre\bin\jdwp.dll
0x000000006ef90000 - 0x000000006ef98000 	C:\Program Files\Java\jdk1.7.0_80\jre\bin\npt.dll
0x000000006ef70000 - 0x000000006ef86000 	C:\Program Files\Java\jdk1.7.0_80\jre\bin\zip.dll
0x000000006ef60000 - 0x000000006ef69000 	C:\Program Files\Java\jdk1.7.0_80\jre\bin\dt_socket.dll
0x00007ffb51720000 - 0x00007ffb51736000 	C:\WINDOWS\system32\napinsp.dll
0x00007ffb51700000 - 0x00007ffb5171a000 	C:\WINDOWS\system32\pnrpnsp.dll
0x00007ffb52090000 - 0x00007ffb520a8000 	C:\WINDOWS\system32\NLAapi.dll
0x00007ffb54a70000 - 0x00007ffb54acc000 	C:\WINDOWS\System32\mswsock.dll
0x00007ffb54860000 - 0x00007ffb54904000 	C:\WINDOWS\SYSTEM32\DNSAPI.dll
0x00007ffb57f80000 - 0x00007ffb57f88000 	C:\WINDOWS\System32\NSI.dll
0x00007ffb54810000 - 0x00007ffb54847000 	C:\WINDOWS\SYSTEM32\IPHLPAPI.DLL
0x00007ffb4f820000 - 0x00007ffb4f82e000 	C:\WINDOWS\System32\winrnr.dll
0x0000000070d80000 - 0x0000000070da6000 	C:\Program Files\Bonjour\mdnsNSP.dll
0x00007ffb4f800000 - 0x00007ffb4f815000 	C:\WINDOWS\System32\wshbth.dll
0x00007ffb520b0000 - 0x00007ffb5211b000 	C:\WINDOWS\System32\fwpuclnt.dll
0x00007ffb55100000 - 0x00007ffb55125000 	C:\WINDOWS\SYSTEM32\bcrypt.dll
0x00007ffb4e560000 - 0x00007ffb4e56a000 	C:\Windows\System32\rasadhlp.dll
0x00007ffb4d670000 - 0x00007ffb4d819000 	C:\WINDOWS\SYSTEM32\dbghelp.dll

VM Arguments:
jvm_args: -agentlib:jdwp=transport=dt_socket,suspend=y,address=localhost:64046 -Dfile.encoding=Cp1252 
java_command: manchicle.armony.core.FuncionEnum
Launcher Type: SUN_STANDARD

Environment Variables:
JAVA_HOME=C:\Program Files\Java\jdk1.7.0_80
JRE_HOME=C:\Program Files\Java\jre7
PATH=C:\Program Files\Java\jdk1.7.0_80\jre\bin;C:/Program Files/Java/jre1.8.0_121/bin/server;C:/Program Files/Java/jre1.8.0_121/bin;C:/Program Files/Java/jre1.8.0_121/lib/amd64;C:\app\mmanriquez\product\11.2.0\client_1;C:\app\product\11.2.0\client_1\BIN;C:\WINDOWS\system32;C:\WINDOWS;C:\WINDOWS\System32\Wbem;C:\WINDOWS\System32\WindowsPowerShell\v1.0\;c:\Program Files (x86)\Microsoft SQL Server\100\Tools\Binn\;c:\Program Files\Microsoft SQL Server\100\Tools\Binn\;c:\Program Files\Microsoft SQL Server\100\DTS\Binn\;C:\Program Files\Microsoft SQL Server\Client SDK\ODBC\110\Tools\Binn\;C:\Program Files (x86)\Microsoft SQL Server\120\Tools\Binn\ManagementStudio\;C:\Program Files (x86)\Microsoft SQL Server\120\Tools\Binn\;C:\Program Files\Microsoft SQL Server\120\Tools\Binn\;C:\Program Files (x86)\Microsoft SQL Server\120\DTS\Binn\;C:\Program Files\Microsoft SQL Server\120\DTS\Binn\;C:\apache-ant-1.8.4\bin;C:\nant-0.91\bin;C:\Program Files\TortoiseSVN\bin;C:\Program Files\dotnet\;C:\Program Files (x86)\Brackets\command;C:\Program Files (x86)\QuickTime\QTSystem\;C:\Program Files\Java\jdk1.7.0_80;C:\Program Files\Java\jre7;C:\Program Files\nodejs\;C:\Users\mmanriquez\AppData\Local\Microsoft\WindowsApps;C:\Users\mmanriquez\AppData\Roaming\npm;C:\WINDOWS\system32;
USERNAME=mmanriquez
OS=Windows_NT
PROCESSOR_IDENTIFIER=Intel64 Family 6 Model 78 Stepping 3, GenuineIntel



---------------  S Y S T E M  ---------------

OS: Windows 8.1 , 64 bit Build 9600 

CPU:total 4 (2 cores per cpu, 2 threads per core) family 6 model 78 stepping 3, cmov, cx8, fxsr, mmx, sse, sse2, sse3, ssse3, sse4.1, sse4.2, popcnt, avx, avx2, aes, erms, ht, tsc, tscinvbit

Memory: 4k page, physical 8218244k(3298732k free), swap 11232900k(4758816k free)

vm_info: Java HotSpot(TM) 64-Bit Server VM (24.80-b11) for windows-amd64 JRE (1.7.0_80-b15), built on Apr 10 2015 11:26:34 by "java_re" with unknown MS VC++:1600

time: Tue Oct 31 16:34:06 2017
elapsed time: 270 seconds

